<?xml version="1.0" encoding="UTF-8"?>
<testsuite xmlns:xsi="http://www.w3.org/2001/XMLSchema-instance" xsi:noNamespaceSchemaLocation="https://maven.apache.org/surefire/maven-surefire-plugin/xsd/surefire-test-report-3.0.xsd" version="3.0" name="com.vytrack.runners.TestRunner" time="1.308" tests="11" errors="0" skipped="0" failures="0">
  <properties>
[...]
</properties>
  <testcase name="Login as a store manager" classname="Login" time="0.303">
    <system-out><![CDATA[Login as a store manager
Before beginning executing the test scenario
Special hook before
I am on the login page
Trying to login as a store manager
I am able to see that page title is on Dashboard
After executing the test scenario
special hook after
]]></system-out>
  </testcase>
  <testcase name="Login as a sales manager" classname="Login" time="0.008">
    <system-out><![CDATA[Login as a sales manager
Before beginning executing the test scenario
I am on the login page
Trying to log in as a sales manager
I am able to see that page title is on Dashboard
After executing the test scenario
]]></system-out>
  </testcase>
  <testcase name="Login as a driver" classname="Login" time="0.009">
    <system-out><![CDATA[Login as a driver
Before beginning executing the test scenario
I am on the login page
Trying to log in as a driver
I am able to see that page title is on Dashboard
After executing the test scenario
]]></system-out>
  </testcase>
  <testcase name="Login with different credentials as user10" classname="Login" time="0.017">
    <system-out><![CDATA[Login with different credentials as user10
Before beginning executing the test scenario
Enter username user10, and password UserUser123 to login
I am able to see that page title is on Dashboard
After executing the test scenario
]]></system-out>
  </testcase>
  <testcase name="Login with different credentials as user15" classname="Login" time="0.009">
    <system-out><![CDATA[Login with different credentials as user15
Before beginning executing the test scenario
Enter username user15, and password UserUser123 to login
I am able to see that page title is on Dashboard
After executing the test scenario
]]></system-out>
  </testcase>
  <testcase name="Login with different credentials as user22" classname="Login" time="0.011">
    <system-out><![CDATA[Login with different credentials as user22
Before beginning executing the test scenario
Enter username user22, and password UserUser123 to login
I am able to see that page title is on Dashboard
After executing the test scenario
]]></system-out>
  </testcase>
  <testcase name="Login with different credentials as user110" classname="Login" time="0.028">
    <system-out><![CDATA[Login with different credentials as user110
Before beginning executing the test scenario
Enter username user110, and password UserUser123 to login
I am able to see that page title is on Dashboard
After executing the test scenario
]]></system-out>
  </testcase>
  <testcase name="Login with different credentials as storemanager85" classname="Login" time="0.012">
    <system-out><![CDATA[Login with different credentials as storemanager85
Before beginning executing the test scenario
Enter username storemanager85, and password UserUser123 to login
I am able to see that page title is on Dashboard
After executing the test scenario
]]></system-out>
  </testcase>
  <testcase name="Login with different credentials as storemanager120" classname="Login" time="0.008">
    <system-out><![CDATA[Login with different credentials as storemanager120
Before beginning executing the test scenario
Enter username storemanager120, and password UserUser123 to login
I am able to see that page title is on Dashboard
After executing the test scenario
]]></system-out>
  </testcase>
  <testcase name="Login with different credentials as storemanager56" classname="Login" time="0.007">
    <system-out><![CDATA[Login with different credentials as storemanager56
Before beginning executing the test scenario
Enter username storemanager56, and password UserUser123 to login
I am able to see that page title is on Dashboard
After executing the test scenario
]]></system-out>
  </testcase>
  <testcase name="Create a vehicle" classname="Create vehicle" time="0.021">
    <system-out><![CDATA[Create a vehicle
Before beginning executing the test scenario
User is on  the landing page
User enters storemanager85 username and UserUser123 password
User navigates to Fleet tab and Vehicles module
User clicks on the create car button
Driver: SDET
Location: Tampa
After executing the test scenario
]]></system-out>
  </testcase>
</testsuite>